<?xml version="1.0" encoding="UTF-8"?>
<!-- Generated by org.testng.reporters.JUnitXMLReporter -->
<testsuite ignored="0" hostname="DESKTOP-B94R4DD" failures="0" tests="3" name="Default test" time="67.483" errors="0" timestamp="2026-06-06T00:34:20 IST">
  <testcase classname="june04_TestNG.StaticDropdown" name="staticDropdownSelectByIndex" time="14.579"/>
  <testcase classname="june04_TestNG.StaticDropdown" name="staticDropdownSelectBySendkeysAction" time="16.202"/>
  <testcase classname="june04_TestNG.StaticDropdown" name="staticDropdownSelectByValue" time="14.506"/>
</testsuite> <!-- Default test -->
