<?xml version="1.0" encoding="UTF-8"?>
<!-- Generated by org.testng.reporters.JUnitXMLReporter -->
<testsuite ignored="0" hostname="DESKTOP-B94R4DD" failures="0" tests="3" name="Default test" time="63.246" errors="0" timestamp="2026-06-26T22:02:14 IST">
  <testcase classname="june26_TestNG.StaticDropdown" name="statiDropdownSelectBySendKeysAction" time="10.293"/>
  <testcase classname="june26_TestNG.StaticDropdown" name="staticDropdownSelectByIndex" time="11.955"/>
  <testcase classname="june26_TestNG.StaticDropdown" name="staticDropdownSelectByValue" time="16.729"/>
</testsuite> <!-- Default test -->
