<?xml version="1.0" encoding="UTF-8"?>
<!-- Generated by org.testng.reporters.JUnitXMLReporter -->
<testsuite ignored="0" hostname="DESKTOP-B94R4DD" failures="0" tests="6" name="Regression" time="118.032" errors="0" timestamp="2026-06-28T17:57:50 IST">
  <testcase classname="june28_TestNG.DynamicSearchAndListDropdown" name="dynamicSearchAndListDropdownExample1" time="21.646"/>
  <testcase classname="june28_TestNG.DynamicSearchAndListDropdown" name="dynamicSearchAndListDropdownExample2" time="8.615"/>
  <testcase classname="june28_TestNG.IframeHandles" name="iframe" time="11.375"/>
  <testcase classname="june28_TestNG.StaticDropdown" name="staticDropdwonSelectByIndex" time="1.548"/>
  <testcase classname="june28_TestNG.StaticDropdown" name="staticDropdwonSelectBySendKeysAction" time="7.48"/>
  <testcase classname="june28_TestNG.StaticDropdown" name="staticDropdwonSelectByValue" time="6.507"/>
</testsuite> <!-- Regression -->
