<?xml version="1.0" encoding="UTF-8"?>
<!-- Generated by org.testng.reporters.JUnitXMLReporter -->
<testsuite ignored="0" hostname="DESKTOP-B94R4DD" failures="0" tests="5" name="ReTesing" time="41.99" errors="0" timestamp="2026-06-28T17:55:52 IST">
  <testcase classname="june28_TestNG.MouseHoverOverAction" name="MouseHoverOverInstagramLinkAndRightClickAction" time="0.45"/>
  <testcase classname="june28_TestNG.MouseHoverOverAction" name="robotClass" time="1.117"/>
  <testcase classname="june28_TestNG.MouseHoverOverAction" name="windowHandles" time="4.946"/>
  <testcase classname="june28_TestNG.HyperLinkCountAndPrint" name="hyperLinkcountAndPrintAll" time="8.136"/>
  <testcase classname="june28_TestNG.HyperLinkCountAndPrint" name="tearDown" time="0.461"/>
</testsuite> <!-- ReTesing -->
