<?xml version="1.0" encoding="UTF-8"?>
<testng-results ignored="0" total="11" passed="11" failed="0" skipped="0">
  <reporter-output>
  </reporter-output>
  <suite started-at="2026-06-28T17:55:09 IST" name="Suite" finished-at="2026-06-28T17:57:50 IST" duration-ms="160518">
    <groups>
    </groups>
    <test started-at="2026-06-28T17:55:09 IST" name="ReTesing" finished-at="2026-06-28T17:55:51 IST" duration-ms="41990">
      <class name="june28_TestNG.MouseHoverOverAction">
        <test-method is-config="true" signature="setup()[pri:0, instance:june28_TestNG.MouseHoverOverAction@a8ef162]" started-at="2026-06-28T17:55:09 IST" name="setup" finished-at="2026-06-28T17:55:19 IST" duration-ms="9064" status="PASS">
          <reporter-output>
          </reporter-output>
        </test-method> <!-- setup -->
        <test-method signature="MouseHoverOverInstagramLinkAndRightClickAction()[pri:1, instance:june28_TestNG.MouseHoverOverAction@a8ef162]" started-at="2026-06-28T17:55:19 IST" name="MouseHoverOverInstagramLinkAndRightClickAction" finished-at="2026-06-28T17:55:19 IST" duration-ms="450" status="PASS">
          <reporter-output>
          </reporter-output>
        </test-method> <!-- MouseHoverOverInstagramLinkAndRightClickAction -->
        <test-method signature="robotClass()[pri:2, instance:june28_TestNG.MouseHoverOverAction@a8ef162]" started-at="2026-06-28T17:55:19 IST" name="robotClass" finished-at="2026-06-28T17:55:20 IST" duration-ms="1117" status="PASS">
          <reporter-output>
          </reporter-output>
        </test-method> <!-- robotClass -->
        <test-method signature="windowHandles()[pri:3, instance:june28_TestNG.MouseHoverOverAction@a8ef162]" started-at="2026-06-28T17:55:20 IST" name="windowHandles" finished-at="2026-06-28T17:55:25 IST" duration-ms="4946" status="PASS">
          <reporter-output>
          </reporter-output>
        </test-method> <!-- windowHandles -->
        <test-method is-config="true" signature="tearDown()[pri:0, instance:june28_TestNG.MouseHoverOverAction@a8ef162]" started-at="2026-06-28T17:55:25 IST" name="tearDown" finished-at="2026-06-28T17:55:26 IST" duration-ms="849" status="PASS">
          <reporter-output>
          </reporter-output>
        </test-method> <!-- tearDown -->
      </class> <!-- june28_TestNG.MouseHoverOverAction -->
      <class name="june28_TestNG.HyperLinkCountAndPrint">
        <test-method is-config="true" signature="setup()[pri:0, instance:june28_TestNG.HyperLinkCountAndPrint@16612a51]" started-at="2026-06-28T17:55:26 IST" name="setup" finished-at="2026-06-28T17:55:43 IST" duration-ms="16613" status="PASS">
          <reporter-output>
          </reporter-output>
        </test-method> <!-- setup -->
        <test-method signature="hyperLinkcountAndPrintAll()[pri:0, instance:june28_TestNG.HyperLinkCountAndPrint@16612a51]" started-at="2026-06-28T17:55:43 IST" name="hyperLinkcountAndPrintAll" finished-at="2026-06-28T17:55:51 IST" duration-ms="8136" status="PASS">
          <reporter-output>
          </reporter-output>
        </test-method> <!-- hyperLinkcountAndPrintAll -->
        <test-method signature="tearDown()[pri:0, instance:june28_TestNG.HyperLinkCountAndPrint@16612a51]" started-at="2026-06-28T17:55:51 IST" name="tearDown" finished-at="2026-06-28T17:55:51 IST" duration-ms="461" status="PASS">
          <reporter-output>
          </reporter-output>
        </test-method> <!-- tearDown -->
      </class> <!-- june28_TestNG.HyperLinkCountAndPrint -->
    </test> <!-- ReTesing -->
    <test started-at="2026-06-28T17:55:52 IST" name="Regression" finished-at="2026-06-28T17:57:50 IST" duration-ms="118032">
      <class name="june28_TestNG.StaticDropdown">
        <test-method is-config="true" signature="setup()[pri:0, instance:june28_TestNG.StaticDropdown@43015c69]" started-at="2026-06-28T17:57:14 IST" name="setup" finished-at="2026-06-28T17:57:23 IST" duration-ms="9454" status="PASS">
          <reporter-output>
          </reporter-output>
        </test-method> <!-- setup -->
        <test-method signature="staticDropdwonSelectByIndex()[pri:0, instance:june28_TestNG.StaticDropdown@43015c69]" started-at="2026-06-28T17:57:23 IST" name="staticDropdwonSelectByIndex" finished-at="2026-06-28T17:57:25 IST" duration-ms="1548" status="PASS">
          <reporter-output>
          </reporter-output>
        </test-method> <!-- staticDropdwonSelectByIndex -->
        <test-method is-config="true" signature="tearDown()[pri:0, instance:june28_TestNG.StaticDropdown@43015c69]" started-at="2026-06-28T17:57:25 IST" name="tearDown" finished-at="2026-06-28T17:57:25 IST" duration-ms="355" status="PASS">
          <reporter-output>
          </reporter-output>
        </test-method> <!-- tearDown -->
        <test-method is-config="true" signature="setup()[pri:0, instance:june28_TestNG.StaticDropdown@43015c69]" started-at="2026-06-28T17:57:25 IST" name="setup" finished-at="2026-06-28T17:57:29 IST" duration-ms="4323" status="PASS">
          <reporter-output>
          </reporter-output>
        </test-method> <!-- setup -->
        <test-method signature="staticDropdwonSelectBySendKeysAction()[pri:0, instance:june28_TestNG.StaticDropdown@43015c69]" started-at="2026-06-28T17:57:29 IST" name="staticDropdwonSelectBySendKeysAction" finished-at="2026-06-28T17:57:37 IST" duration-ms="7480" status="PASS">
          <reporter-output>
          </reporter-output>
        </test-method> <!-- staticDropdwonSelectBySendKeysAction -->
        <test-method is-config="true" signature="tearDown()[pri:0, instance:june28_TestNG.StaticDropdown@43015c69]" started-at="2026-06-28T17:57:37 IST" name="tearDown" finished-at="2026-06-28T17:57:38 IST" duration-ms="718" status="PASS">
          <reporter-output>
          </reporter-output>
        </test-method> <!-- tearDown -->
        <test-method is-config="true" signature="setup()[pri:0, instance:june28_TestNG.StaticDropdown@43015c69]" started-at="2026-06-28T17:57:38 IST" name="setup" finished-at="2026-06-28T17:57:43 IST" duration-ms="5258" status="PASS">
          <reporter-output>
          </reporter-output>
        </test-method> <!-- setup -->
        <test-method signature="staticDropdwonSelectByValue()[pri:0, instance:june28_TestNG.StaticDropdown@43015c69]" started-at="2026-06-28T17:57:43 IST" name="staticDropdwonSelectByValue" finished-at="2026-06-28T17:57:49 IST" duration-ms="6507" status="PASS">
          <reporter-output>
          </reporter-output>
        </test-method> <!-- staticDropdwonSelectByValue -->
        <test-method is-config="true" signature="tearDown()[pri:0, instance:june28_TestNG.StaticDropdown@43015c69]" started-at="2026-06-28T17:57:49 IST" name="tearDown" finished-at="2026-06-28T17:57:50 IST" duration-ms="469" status="PASS">
          <reporter-output>
          </reporter-output>
        </test-method> <!-- tearDown -->
      </class> <!-- june28_TestNG.StaticDropdown -->
      <class name="june28_TestNG.IframeHandles">
        <test-method is-config="true" signature="setup()[pri:0, instance:june28_TestNG.IframeHandles@34b9f960]" started-at="2026-06-28T17:56:51 IST" name="setup" finished-at="2026-06-28T17:57:01 IST" duration-ms="10657" status="PASS">
          <reporter-output>
          </reporter-output>
        </test-method> <!-- setup -->
        <test-method signature="iframe()[pri:0, instance:june28_TestNG.IframeHandles@34b9f960]" started-at="2026-06-28T17:57:01 IST" name="iframe" finished-at="2026-06-28T17:57:13 IST" duration-ms="11375" status="PASS">
          <reporter-output>
          </reporter-output>
        </test-method> <!-- iframe -->
        <test-method is-config="true" signature="tearDown()[pri:0, instance:june28_TestNG.IframeHandles@34b9f960]" started-at="2026-06-28T17:57:13 IST" name="tearDown" finished-at="2026-06-28T17:57:14 IST" duration-ms="760" status="PASS">
          <reporter-output>
          </reporter-output>
        </test-method> <!-- tearDown -->
      </class> <!-- june28_TestNG.IframeHandles -->
      <class name="june28_TestNG.DynamicSearchAndListDropdown">
        <test-method is-config="true" signature="setup()[pri:0, instance:june28_TestNG.DynamicSearchAndListDropdown@27912e3]" started-at="2026-06-28T17:55:52 IST" name="setup" finished-at="2026-06-28T17:56:00 IST" duration-ms="7809" status="PASS">
          <reporter-output>
          </reporter-output>
        </test-method> <!-- setup -->
        <test-method signature="dynamicSearchAndListDropdownExample1()[pri:0, instance:june28_TestNG.DynamicSearchAndListDropdown@27912e3]" started-at="2026-06-28T17:56:00 IST" name="dynamicSearchAndListDropdownExample1" finished-at="2026-06-28T17:56:21 IST" duration-ms="21646" status="PASS">
          <reporter-output>
          </reporter-output>
        </test-method> <!-- dynamicSearchAndListDropdownExample1 -->
        <test-method is-config="true" signature="tearDown()[pri:0, instance:june28_TestNG.DynamicSearchAndListDropdown@27912e3]" started-at="2026-06-28T17:56:21 IST" name="tearDown" finished-at="2026-06-28T17:56:22 IST" duration-ms="940" status="PASS">
          <reporter-output>
          </reporter-output>
        </test-method> <!-- tearDown -->
        <test-method is-config="true" signature="setup()[pri:0, instance:june28_TestNG.DynamicSearchAndListDropdown@27912e3]" started-at="2026-06-28T17:56:22 IST" name="setup" finished-at="2026-06-28T17:56:41 IST" duration-ms="18897" status="PASS">
          <reporter-output>
          </reporter-output>
        </test-method> <!-- setup -->
        <test-method signature="dynamicSearchAndListDropdownExample2()[pri:0, instance:june28_TestNG.DynamicSearchAndListDropdown@27912e3]" started-at="2026-06-28T17:56:41 IST" name="dynamicSearchAndListDropdownExample2" finished-at="2026-06-28T17:56:50 IST" duration-ms="8615" status="PASS">
          <reporter-output>
          </reporter-output>
        </test-method> <!-- dynamicSearchAndListDropdownExample2 -->
        <test-method is-config="true" signature="tearDown()[pri:0, instance:june28_TestNG.DynamicSearchAndListDropdown@27912e3]" started-at="2026-06-28T17:56:50 IST" name="tearDown" finished-at="2026-06-28T17:56:51 IST" duration-ms="978" status="PASS">
          <reporter-output>
          </reporter-output>
        </test-method> <!-- tearDown -->
      </class> <!-- june28_TestNG.DynamicSearchAndListDropdown -->
    </test> <!-- Regression -->
  </suite> <!-- Suite -->
</testng-results>
