<?xml version="1.0" encoding="UTF-8"?>
<testng-results ignored="0" total="3" passed="3" failed="0" skipped="0">
  <reporter-output>
  </reporter-output>
  <suite started-at="2026-06-06T00:33:12 IST" name="Default suite" finished-at="2026-06-06T00:34:20 IST" duration-ms="67483">
    <groups>
    </groups>
    <test started-at="2026-06-06T00:33:12 IST" name="Default test" finished-at="2026-06-06T00:34:20 IST" duration-ms="67483">
      <class name="june04_TestNG.StaticDropdown">
        <test-method is-config="true" signature="setup()[pri:0, instance:june04_TestNG.StaticDropdown@49b2a47d]" started-at="2026-06-06T00:33:12 IST" name="setup" finished-at="2026-06-06T00:33:20 IST" duration-ms="7689" status="PASS">
          <reporter-output>
          </reporter-output>
        </test-method> <!-- setup -->
        <test-method signature="staticDropdownSelectByIndex()[pri:0, instance:june04_TestNG.StaticDropdown@49b2a47d]" started-at="2026-06-06T00:33:20 IST" name="staticDropdownSelectByIndex" finished-at="2026-06-06T00:33:35 IST" duration-ms="14579" status="PASS">
          <reporter-output>
          </reporter-output>
        </test-method> <!-- staticDropdownSelectByIndex -->
        <test-method is-config="true" signature="tearDown()[pri:0, instance:june04_TestNG.StaticDropdown@49b2a47d]" started-at="2026-06-06T00:33:35 IST" name="tearDown" finished-at="2026-06-06T00:33:35 IST" duration-ms="426" status="PASS">
          <reporter-output>
          </reporter-output>
        </test-method> <!-- tearDown -->
        <test-method is-config="true" signature="setup()[pri:0, instance:june04_TestNG.StaticDropdown@49b2a47d]" started-at="2026-06-06T00:33:35 IST" name="setup" finished-at="2026-06-06T00:33:41 IST" duration-ms="5775" status="PASS">
          <reporter-output>
          </reporter-output>
        </test-method> <!-- setup -->
        <test-method signature="staticDropdownSelectBySendkeysAction()[pri:0, instance:june04_TestNG.StaticDropdown@49b2a47d]" started-at="2026-06-06T00:33:41 IST" name="staticDropdownSelectBySendkeysAction" finished-at="2026-06-06T00:33:57 IST" duration-ms="16202" status="PASS">
          <reporter-output>
          </reporter-output>
        </test-method> <!-- staticDropdownSelectBySendkeysAction -->
        <test-method is-config="true" signature="tearDown()[pri:0, instance:june04_TestNG.StaticDropdown@49b2a47d]" started-at="2026-06-06T00:33:57 IST" name="tearDown" finished-at="2026-06-06T00:33:58 IST" duration-ms="582" status="PASS">
          <reporter-output>
          </reporter-output>
        </test-method> <!-- tearDown -->
        <test-method is-config="true" signature="setup()[pri:0, instance:june04_TestNG.StaticDropdown@49b2a47d]" started-at="2026-06-06T00:33:58 IST" name="setup" finished-at="2026-06-06T00:34:04 IST" duration-ms="6327" status="PASS">
          <reporter-output>
          </reporter-output>
        </test-method> <!-- setup -->
        <test-method signature="staticDropdownSelectByValue()[pri:0, instance:june04_TestNG.StaticDropdown@49b2a47d]" started-at="2026-06-06T00:34:04 IST" name="staticDropdownSelectByValue" finished-at="2026-06-06T00:34:19 IST" duration-ms="14506" status="PASS">
          <reporter-output>
          </reporter-output>
        </test-method> <!-- staticDropdownSelectByValue -->
        <test-method is-config="true" signature="tearDown()[pri:0, instance:june04_TestNG.StaticDropdown@49b2a47d]" started-at="2026-06-06T00:34:19 IST" name="tearDown" finished-at="2026-06-06T00:34:20 IST" duration-ms="745" status="PASS">
          <reporter-output>
          </reporter-output>
        </test-method> <!-- tearDown -->
      </class> <!-- june04_TestNG.StaticDropdown -->
    </test> <!-- Default test -->
  </suite> <!-- Default suite -->
</testng-results>
