<?xml version="1.0" encoding="UTF-8"?>
<!-- Generated by org.testng.reporters.JUnitReportReporter -->
<testsuite hostname="DESKTOP-B94R4DD" failures="0" tests="3" name="june04_TestNG.MouseHoverAndKeyboardActions" time="4.687" errors="0" timestamp="2026-06-06T00:26:14 IST" skipped="0">
  <testcase classname="june04_TestNG.MouseHoverAndKeyboardActions" name="mouseHoverAndRightClickActionOnInstagramLink" time="0.896"/>
  <testcase classname="june04_TestNG.MouseHoverAndKeyboardActions" name="RobotClass" time="1.524"/>
  <testcase classname="june04_TestNG.MouseHoverAndKeyboardActions" name="windowHandles" time="2.267"/>
</testsuite> <!-- june04_TestNG.MouseHoverAndKeyboardActions -->
