<?xml version="1.0" encoding="UTF-8"?>
<!-- Generated by org.testng.reporters.JUnitReportReporter -->
<testsuite hostname="DESKTOP-B94R4DD" failures="0" tests="2" name="june26_TestNG.DynamicSearchAndListDropdown" time="60.168" errors="0" timestamp="2026-06-26T21:33:18 IST" skipped="0">
  <testcase classname="june26_TestNG.DynamicSearchAndListDropdown" name="dynamicSearchAndListDropdown_Example1" time="32.759"/>
  <testcase classname="june26_TestNG.DynamicSearchAndListDropdown" name="dynamicSearchAndListDropdown" time="27.409"/>
</testsuite> <!-- june26_TestNG.DynamicSearchAndListDropdown -->
