<?xml version="1.0" encoding="UTF-8"?>
<!-- Generated by org.testng.reporters.JUnitReportReporter -->
<testsuite hostname="DESKTOP-B94R4DD" failures="0" tests="2" name="june28_TestNG.DynamicSearchAndListDropdown" time="58.885" errors="0" timestamp="2026-06-28T17:57:50 IST" skipped="0">
  <testcase classname="june28_TestNG.DynamicSearchAndListDropdown" name="dynamicSearchAndListDropdownExample1" time="41.483"/>
  <testcase classname="june28_TestNG.DynamicSearchAndListDropdown" name="dynamicSearchAndListDropdownExample2" time="17.402"/>
</testsuite> <!-- june28_TestNG.DynamicSearchAndListDropdown -->
