<?xml version="1.0" encoding="UTF-8"?>
<!-- Generated by org.testng.reporters.JUnitReportReporter -->
<testsuite hostname="DESKTOP-B94R4DD" failures="0" tests="2" name="june15_TestNG.DynamicSearchAndListDropdown" time="18.089" errors="0" timestamp="2026-06-15T23:32:46 IST" skipped="0">
  <testcase classname="june15_TestNG.DynamicSearchAndListDropdown" name="dynamicSearchAndListDropdown_Example1" time="9.228"/>
  <testcase classname="june15_TestNG.DynamicSearchAndListDropdown" name="dynamicSearchAndListDropdown_Example2" time="8.861"/>
</testsuite> <!-- june15_TestNG.DynamicSearchAndListDropdown -->
