<?xml version="1.0" encoding="UTF-8"?>
<!-- Generated by org.testng.reporters.JUnitReportReporter -->
<testsuite hostname="DESKTOP-B94R4DD" failures="0" tests="3" name="june01_TestNG.MouseHoverActions" time="5.208" errors="0" timestamp="2026-06-04T23:26:52 IST" skipped="0">
  <testcase classname="june01_TestNG.MouseHoverActions" name="mouseHoverAndRightClickActionOnInstagramLink" time="1.304"/>
  <testcase classname="june01_TestNG.MouseHoverActions" name="keyboardActionRobotclass" time="1.713"/>
  <testcase classname="june01_TestNG.MouseHoverActions" name="windowHandles" time="2.191"/>
</testsuite> <!-- june01_TestNG.MouseHoverActions -->
