<?xml version="1.0" encoding="UTF-8"?>
<!-- Generated by org.testng.reporters.JUnitReportReporter -->
<testsuite hostname="DESKTOP-B94R4DD" failures="0" tests="3" name="june26_TestNG.StaticDropdown" time="62.886" errors="0" timestamp="2026-06-26T22:02:14 IST" skipped="0">
  <testcase classname="june26_TestNG.StaticDropdown" name="staticDropdownSelectByValue" time="24.526"/>
  <testcase classname="june26_TestNG.StaticDropdown" name="statiDropdownSelectBySendKeysAction" time="18.219"/>
  <testcase classname="june26_TestNG.StaticDropdown" name="staticDropdownSelectByIndex" time="20.141"/>
</testsuite> <!-- june26_TestNG.StaticDropdown -->
