<?xml version="1.0" encoding="UTF-8"?>
<!-- Generated by org.testng.reporters.JUnitReportReporter -->
<testsuite hostname="DESKTOP-B94R4DD" failures="0" tests="3" name="june28_TestNG.StaticDropdown" time="36.112" errors="0" timestamp="2026-06-28T17:57:50 IST" skipped="0">
  <testcase classname="june28_TestNG.StaticDropdown" name="staticDropdwonSelectBySendKeysAction" time="17.403"/>
  <testcase classname="june28_TestNG.StaticDropdown" name="staticDropdwonSelectByValue" time="12.483"/>
  <testcase classname="june28_TestNG.StaticDropdown" name="staticDropdwonSelectByIndex" time="6.226"/>
</testsuite> <!-- june28_TestNG.StaticDropdown -->
