<?xml version="1.0" encoding="UTF-8"?>
<!-- Generated by org.testng.reporters.JUnitReportReporter -->
<testsuite hostname="DESKTOP-B94R4DD" failures="0" tests="3" name="june01_TestNG.StaticDropdown" time="32.539" errors="0" timestamp="2026-06-04T18:15:01 IST" skipped="0">
  <testcase classname="june01_TestNG.StaticDropdown" name="staticDropdownSelectByIndex" time="11.488"/>
  <testcase classname="june01_TestNG.StaticDropdown" name="staticDropdownSelectBySendKeysAction" time="10.543"/>
  <testcase classname="june01_TestNG.StaticDropdown" name="staticDropdownSelectByValue" time="10.508"/>
</testsuite> <!-- june01_TestNG.StaticDropdown -->
