<?xml version="1.0" encoding="UTF-8"?>
<!-- Generated by org.testng.reporters.JUnitReportReporter -->
<testsuite hostname="DESKTOP-B94R4DD" failures="0" tests="2" name="june04_TestNG.HyperLinkCountAndPrint" time="20.306" errors="0" timestamp="2026-06-05T23:07:39 IST" skipped="0">
  <testcase classname="june04_TestNG.HyperLinkCountAndPrint" name="getHyperLinkCountAndPrint" time="7.789"/>
  <testcase classname="june04_TestNG.HyperLinkCountAndPrint" name="getHyperLinkAndClickOnInstagram" time="12.517"/>
</testsuite> <!-- june04_TestNG.HyperLinkCountAndPrint -->
