<?xml version="1.0" encoding="UTF-8"?>
<!-- Generated by org.testng.reporters.JUnitReportReporter -->
<testsuite hostname="DESKTOP-B94R4DD" failures="0" tests="2" name="june10_TestNG.DynamicSearchAndListDropdownSelectAndClick" time="18.297" errors="0" timestamp="2026-06-11T11:57:00 IST" skipped="0">
  <testcase classname="june10_TestNG.DynamicSearchAndListDropdownSelectAndClick" name="googleDynamicSearch" time="9.187"/>
  <testcase classname="june10_TestNG.DynamicSearchAndListDropdownSelectAndClick" name="googleDynamicSearch_example2" time="9.110"/>
</testsuite> <!-- june10_TestNG.DynamicSearchAndListDropdownSelectAndClick -->
