<?xml version="1.0" encoding="UTF-8"?>
<!-- Generated by org.testng.reporters.JUnitReportReporter -->
<testsuite hostname="DESKTOP-B94R4DD" failures="0" tests="2" name="june28_TestNG.HyperLinkCountAndPrint" time="8.597" errors="0" timestamp="2026-06-28T17:57:50 IST" skipped="0">
  <testcase classname="june28_TestNG.HyperLinkCountAndPrint" name="tearDown" time="0.461"/>
  <testcase classname="june28_TestNG.HyperLinkCountAndPrint" name="hyperLinkcountAndPrintAll" time="8.136"/>
</testsuite> <!-- june28_TestNG.HyperLinkCountAndPrint -->
