<?xml version="1.0" encoding="UTF-8"?>
<!-- Generated by org.testng.reporters.JUnitReportReporter -->
<testsuite hostname="DESKTOP-B94R4DD" failures="0" tests="3" name="june26_TestNG.MouseHoverOverAction" time="7.954" errors="0" timestamp="2026-06-26T21:14:18 IST" skipped="0">
  <testcase classname="june26_TestNG.MouseHoverOverAction" name="rightClickMouseHoverActionOnInstagram" time="3.038"/>
  <testcase classname="june26_TestNG.MouseHoverOverAction" name="robotClass" time="3.290"/>
  <testcase classname="june26_TestNG.MouseHoverOverAction" name="windowHandles" time="1.626"/>
</testsuite> <!-- june26_TestNG.MouseHoverOverAction -->
