<?xml version="1.0" encoding="UTF-8"?>
<!-- Generated by org.testng.reporters.JUnitReportReporter -->
<testsuite hostname="DESKTOP-B94R4DD" failures="0" tests="2" name="june01_TestNG.DynamicSearchAndListDropdown" time="15.025" errors="0" timestamp="2026-06-04T18:04:14 IST" skipped="0">
  <testcase classname="june01_TestNG.DynamicSearchAndListDropdown" name="getDynamicSearchAndListDropdown_Example2" time="7.764"/>
  <testcase classname="june01_TestNG.DynamicSearchAndListDropdown" name="getDynamicSearchAndListDropdown_Example1" time="7.261"/>
</testsuite> <!-- june01_TestNG.DynamicSearchAndListDropdown -->
