<?xml version="1.0" encoding="UTF-8"?>
<!-- Generated by org.testng.reporters.JUnitReportReporter -->
<testsuite hostname="DESKTOP-B94R4DD" failures="0" tests="3" name="june04_TestNG.StaticDropdown" time="66.831" errors="0" timestamp="2026-06-06T00:34:20 IST" skipped="0">
  <testcase classname="june04_TestNG.StaticDropdown" name="staticDropdownSelectByValue" time="21.259"/>
  <testcase classname="june04_TestNG.StaticDropdown" name="staticDropdownSelectByIndex" time="22.850"/>
  <testcase classname="june04_TestNG.StaticDropdown" name="staticDropdownSelectBySendkeysAction" time="22.722"/>
</testsuite> <!-- june04_TestNG.StaticDropdown -->
