<?xml version="1.0" encoding="UTF-8"?>
<!-- Generated by org.testng.reporters.JUnitReportReporter -->
<testsuite hostname="DESKTOP-B94R4DD" failures="0" tests="3" name="june28_TestNG.MouseHoverOverAction" time="6.513" errors="0" timestamp="2026-06-28T17:57:50 IST" skipped="0">
  <testcase classname="june28_TestNG.MouseHoverOverAction" name="MouseHoverOverInstagramLinkAndRightClickAction" time="0.450"/>
  <testcase classname="june28_TestNG.MouseHoverOverAction" name="robotClass" time="1.117"/>
  <testcase classname="june28_TestNG.MouseHoverOverAction" name="windowHandles" time="4.946"/>
</testsuite> <!-- june28_TestNG.MouseHoverOverAction -->
